[32m2024-02-18 16:21:52 +0000[0m - dagster - [34mDEBUG[0m - __ASSET_JOB - 81203f32-6b2d-41aa-9e97-97d21a7bb33d - 19546 - LOGS_CAPTURED - Started capturing logs in process (pid: 19546).
[32m2024-02-18 16:21:52 +0000[0m - dagster - [34mDEBUG[0m - __ASSET_JOB - 81203f32-6b2d-41aa-9e97-97d21a7bb33d - 19546 - jaffle_shop_dbt_assets - STEP_START - Started execution of step "jaffle_shop_dbt_assets".
[32m2024-02-18 16:21:52 +0000[0m - dagster - [34mINFO[0m - __ASSET_JOB - 81203f32-6b2d-41aa-9e97-97d21a7bb33d - jaffle_shop_dbt_assets - A dbt subsetted execution is not being performed. Using the default dbt selection arguments `['--select', 'fqn:*']`.
[32m2024-02-18 16:21:52 +0000[0m - dagster - [34mINFO[0m - __ASSET_JOB - 81203f32-6b2d-41aa-9e97-97d21a7bb33d - jaffle_shop_dbt_assets - Copying `/workspaces/codespaces-blank/dagster-dbt-proj/jaffle_shop/target/partial_parse.msgpack` to `/workspaces/codespaces-blank/dagster-dbt-proj/jaffle_shop/target/jaffle_shop_dbt_assets-81203f3-004282a/partial_parse.msgpack` to take advantage of partial parsing.
[32m2024-02-18 16:21:53 +0000[0m - dagster - [34mINFO[0m - __ASSET_JOB - 81203f32-6b2d-41aa-9e97-97d21a7bb33d - jaffle_shop_dbt_assets - Running dbt command: `dbt build --select fqn:*`.
[32m2024-02-18 16:21:57 +0000[0m - dagster - [34mDEBUG[0m - __ASSET_JOB - 81203f32-6b2d-41aa-9e97-97d21a7bb33d - 19546 - jaffle_shop_dbt_assets - STEP_OUTPUT - Yielded output "seed_jaffle_shop_raw_customers" of type "Nothing". (Type check passed).
[32m2024-02-18 16:21:57 +0000[0m - dagster - [34mDEBUG[0m - __ASSET_JOB - 81203f32-6b2d-41aa-9e97-97d21a7bb33d - 19546 - jaffle_shop_dbt_assets - ASSET_MATERIALIZATION - Materialized value raw_customers.
[32m2024-02-18 16:21:57 +0000[0m - dagster - [34mDEBUG[0m - __ASSET_JOB - 81203f32-6b2d-41aa-9e97-97d21a7bb33d - 19546 - jaffle_shop_dbt_assets - STEP_OUTPUT - Yielded output "seed_jaffle_shop_raw_payments" of type "Nothing". (Type check passed).
[32m2024-02-18 16:21:58 +0000[0m - dagster - [34mDEBUG[0m - __ASSET_JOB - 81203f32-6b2d-41aa-9e97-97d21a7bb33d - 19546 - jaffle_shop_dbt_assets - ASSET_MATERIALIZATION - Materialized value raw_payments.
[32m2024-02-18 16:21:58 +0000[0m - dagster - [34mDEBUG[0m - __ASSET_JOB - 81203f32-6b2d-41aa-9e97-97d21a7bb33d - 19546 - jaffle_shop_dbt_assets - STEP_OUTPUT - Yielded output "seed_jaffle_shop_raw_orders" of type "Nothing". (Type check passed).
[32m2024-02-18 16:21:58 +0000[0m - dagster - [34mDEBUG[0m - __ASSET_JOB - 81203f32-6b2d-41aa-9e97-97d21a7bb33d - 19546 - jaffle_shop_dbt_assets - ASSET_MATERIALIZATION - Materialized value raw_orders.
[32m2024-02-18 16:21:58 +0000[0m - dagster - [34mDEBUG[0m - __ASSET_JOB - 81203f32-6b2d-41aa-9e97-97d21a7bb33d - 19546 - jaffle_shop_dbt_assets - STEP_OUTPUT - Yielded output "model_jaffle_shop_stg_payments" of type "Nothing". (Type check passed).
[32m2024-02-18 16:21:58 +0000[0m - dagster - [34mDEBUG[0m - __ASSET_JOB - 81203f32-6b2d-41aa-9e97-97d21a7bb33d - 19546 - jaffle_shop_dbt_assets - ASSET_MATERIALIZATION - Materialized value stg_payments.
[32m2024-02-18 16:21:58 +0000[0m - dagster - [34mDEBUG[0m - __ASSET_JOB - 81203f32-6b2d-41aa-9e97-97d21a7bb33d - 19546 - jaffle_shop_dbt_assets - STEP_OUTPUT - Yielded output "model_jaffle_shop_stg_orders" of type "Nothing". (Type check passed).
[32m2024-02-18 16:21:59 +0000[0m - dagster - [34mDEBUG[0m - __ASSET_JOB - 81203f32-6b2d-41aa-9e97-97d21a7bb33d - 19546 - jaffle_shop_dbt_assets - ASSET_MATERIALIZATION - Materialized value stg_orders.
[32m2024-02-18 16:21:59 +0000[0m - dagster - [34mDEBUG[0m - __ASSET_JOB - 81203f32-6b2d-41aa-9e97-97d21a7bb33d - 19546 - jaffle_shop_dbt_assets - STEP_OUTPUT - Yielded output "model_jaffle_shop_stg_customers" of type "Nothing". (Type check passed).
[32m2024-02-18 16:21:59 +0000[0m - dagster - [34mDEBUG[0m - __ASSET_JOB - 81203f32-6b2d-41aa-9e97-97d21a7bb33d - 19546 - jaffle_shop_dbt_assets - ASSET_MATERIALIZATION - Materialized value stg_customers.
[32m2024-02-18 16:21:59 +0000[0m - dagster - [34mDEBUG[0m - __ASSET_JOB - 81203f32-6b2d-41aa-9e97-97d21a7bb33d - 19546 - jaffle_shop_dbt_assets - ASSET_OBSERVATION - ASSET_OBSERVATION for step jaffle_shop_dbt_assets
[32m2024-02-18 16:21:59 +0000[0m - dagster - [34mDEBUG[0m - __ASSET_JOB - 81203f32-6b2d-41aa-9e97-97d21a7bb33d - 19546 - jaffle_shop_dbt_assets - ASSET_OBSERVATION - ASSET_OBSERVATION for step jaffle_shop_dbt_assets
[32m2024-02-18 16:21:59 +0000[0m - dagster - [34mDEBUG[0m - __ASSET_JOB - 81203f32-6b2d-41aa-9e97-97d21a7bb33d - 19546 - jaffle_shop_dbt_assets - ASSET_OBSERVATION - ASSET_OBSERVATION for step jaffle_shop_dbt_assets
[32m2024-02-18 16:22:00 +0000[0m - dagster - [34mDEBUG[0m - __ASSET_JOB - 81203f32-6b2d-41aa-9e97-97d21a7bb33d - 19546 - jaffle_shop_dbt_assets - ASSET_OBSERVATION - ASSET_OBSERVATION for step jaffle_shop_dbt_assets
[32m2024-02-18 16:22:00 +0000[0m - dagster - [34mDEBUG[0m - __ASSET_JOB - 81203f32-6b2d-41aa-9e97-97d21a7bb33d - 19546 - jaffle_shop_dbt_assets - ASSET_OBSERVATION - ASSET_OBSERVATION for step jaffle_shop_dbt_assets
[32m2024-02-18 16:22:00 +0000[0m - dagster - [34mDEBUG[0m - __ASSET_JOB - 81203f32-6b2d-41aa-9e97-97d21a7bb33d - 19546 - jaffle_shop_dbt_assets - ASSET_OBSERVATION - ASSET_OBSERVATION for step jaffle_shop_dbt_assets
[32m2024-02-18 16:22:00 +0000[0m - dagster - [34mDEBUG[0m - __ASSET_JOB - 81203f32-6b2d-41aa-9e97-97d21a7bb33d - 19546 - jaffle_shop_dbt_assets - ASSET_OBSERVATION - ASSET_OBSERVATION for step jaffle_shop_dbt_assets
[32m2024-02-18 16:22:00 +0000[0m - dagster - [34mDEBUG[0m - __ASSET_JOB - 81203f32-6b2d-41aa-9e97-97d21a7bb33d - 19546 - jaffle_shop_dbt_assets - ASSET_OBSERVATION - ASSET_OBSERVATION for step jaffle_shop_dbt_assets
[32m2024-02-18 16:22:00 +0000[0m - dagster - [34mDEBUG[0m - __ASSET_JOB - 81203f32-6b2d-41aa-9e97-97d21a7bb33d - 19546 - jaffle_shop_dbt_assets - STEP_OUTPUT - Yielded output "model_jaffle_shop_customers" of type "Nothing". (Type check passed).
[32m2024-02-18 16:22:01 +0000[0m - dagster - [34mDEBUG[0m - __ASSET_JOB - 81203f32-6b2d-41aa-9e97-97d21a7bb33d - 19546 - jaffle_shop_dbt_assets - ASSET_MATERIALIZATION - Materialized value customers.
[32m2024-02-18 16:22:01 +0000[0m - dagster - [34mDEBUG[0m - __ASSET_JOB - 81203f32-6b2d-41aa-9e97-97d21a7bb33d - 19546 - jaffle_shop_dbt_assets - STEP_OUTPUT - Yielded output "model_jaffle_shop_orders" of type "Nothing". (Type check passed).
[32m2024-02-18 16:22:01 +0000[0m - dagster - [34mDEBUG[0m - __ASSET_JOB - 81203f32-6b2d-41aa-9e97-97d21a7bb33d - 19546 - jaffle_shop_dbt_assets - ASSET_MATERIALIZATION - Materialized value orders.
[32m2024-02-18 16:22:02 +0000[0m - dagster - [34mDEBUG[0m - __ASSET_JOB - 81203f32-6b2d-41aa-9e97-97d21a7bb33d - 19546 - jaffle_shop_dbt_assets - ASSET_OBSERVATION - ASSET_OBSERVATION for step jaffle_shop_dbt_assets
[32m2024-02-18 16:22:02 +0000[0m - dagster - [34mDEBUG[0m - __ASSET_JOB - 81203f32-6b2d-41aa-9e97-97d21a7bb33d - 19546 - jaffle_shop_dbt_assets - ASSET_OBSERVATION - ASSET_OBSERVATION for step jaffle_shop_dbt_assets
[32m2024-02-18 16:22:02 +0000[0m - dagster - [34mDEBUG[0m - __ASSET_JOB - 81203f32-6b2d-41aa-9e97-97d21a7bb33d - 19546 - jaffle_shop_dbt_assets - ASSET_OBSERVATION - ASSET_OBSERVATION for step jaffle_shop_dbt_assets
[32m2024-02-18 16:22:02 +0000[0m - dagster - [34mDEBUG[0m - __ASSET_JOB - 81203f32-6b2d-41aa-9e97-97d21a7bb33d - 19546 - jaffle_shop_dbt_assets - ASSET_OBSERVATION - ASSET_OBSERVATION for step jaffle_shop_dbt_assets
[32m2024-02-18 16:22:02 +0000[0m - dagster - [34mDEBUG[0m - __ASSET_JOB - 81203f32-6b2d-41aa-9e97-97d21a7bb33d - 19546 - jaffle_shop_dbt_assets - ASSET_OBSERVATION - ASSET_OBSERVATION for step jaffle_shop_dbt_assets
[32m2024-02-18 16:22:02 +0000[0m - dagster - [34mDEBUG[0m - __ASSET_JOB - 81203f32-6b2d-41aa-9e97-97d21a7bb33d - 19546 - jaffle_shop_dbt_assets - ASSET_OBSERVATION - ASSET_OBSERVATION for step jaffle_shop_dbt_assets
[32m2024-02-18 16:22:03 +0000[0m - dagster - [34mDEBUG[0m - __ASSET_JOB - 81203f32-6b2d-41aa-9e97-97d21a7bb33d - 19546 - jaffle_shop_dbt_assets - ASSET_OBSERVATION - ASSET_OBSERVATION for step jaffle_shop_dbt_assets
[32m2024-02-18 16:22:03 +0000[0m - dagster - [34mDEBUG[0m - __ASSET_JOB - 81203f32-6b2d-41aa-9e97-97d21a7bb33d - 19546 - jaffle_shop_dbt_assets - ASSET_OBSERVATION - ASSET_OBSERVATION for step jaffle_shop_dbt_assets
[32m2024-02-18 16:22:03 +0000[0m - dagster - [34mDEBUG[0m - __ASSET_JOB - 81203f32-6b2d-41aa-9e97-97d21a7bb33d - 19546 - jaffle_shop_dbt_assets - ASSET_OBSERVATION - ASSET_OBSERVATION for step jaffle_shop_dbt_assets
[32m2024-02-18 16:22:03 +0000[0m - dagster - [34mDEBUG[0m - __ASSET_JOB - 81203f32-6b2d-41aa-9e97-97d21a7bb33d - 19546 - jaffle_shop_dbt_assets - ASSET_OBSERVATION - ASSET_OBSERVATION for step jaffle_shop_dbt_assets
[32m2024-02-18 16:22:03 +0000[0m - dagster - [34mDEBUG[0m - __ASSET_JOB - 81203f32-6b2d-41aa-9e97-97d21a7bb33d - 19546 - jaffle_shop_dbt_assets - ASSET_OBSERVATION - ASSET_OBSERVATION for step jaffle_shop_dbt_assets
[32m2024-02-18 16:22:03 +0000[0m - dagster - [34mDEBUG[0m - __ASSET_JOB - 81203f32-6b2d-41aa-9e97-97d21a7bb33d - 19546 - jaffle_shop_dbt_assets - ASSET_OBSERVATION - ASSET_OBSERVATION for step jaffle_shop_dbt_assets
[32m2024-02-18 16:22:03 +0000[0m - dagster - [34mDEBUG[0m - __ASSET_JOB - 81203f32-6b2d-41aa-9e97-97d21a7bb33d - 19546 - jaffle_shop_dbt_assets - ASSET_OBSERVATION - ASSET_OBSERVATION for step jaffle_shop_dbt_assets
[32m2024-02-18 16:22:04 +0000[0m - dagster - [34mINFO[0m - __ASSET_JOB - 81203f32-6b2d-41aa-9e97-97d21a7bb33d - jaffle_shop_dbt_assets - Finished dbt command: `dbt build --select fqn:*`.
[32m2024-02-18 16:22:04 +0000[0m - dagster - [34mDEBUG[0m - __ASSET_JOB - 81203f32-6b2d-41aa-9e97-97d21a7bb33d - 19546 - jaffle_shop_dbt_assets - STEP_SUCCESS - Finished execution of step "jaffle_shop_dbt_assets" in 11.21s.
